<?xml version="1.0" encoding="UTF-8"?>
<!-- Generated by org.testng.reporters.JUnitReportReporter -->
<testsuite skipped="1" hostname="cgiselenium12" name="com.OrangeHRM.OrangeHRM_CrossBrowser_Example" tests="4" failures="0" timestamp="2021-06-10T20:56:52 IST" time="15.972" errors="1">
  <testcase name="OrangeHRM_Login" time="5.992" classname="com.OrangeHRM.OrangeHRM_CrossBrowser_Example"/>
  <system-out/>
  <testcase name="OrangeHRM_Login" time="7.700" classname="com.OrangeHRM.OrangeHRM_CrossBrowser_Example"/>
  <system-out/>
  <testcase name="LaunchBrowser" time="2.280" classname="com.OrangeHRM.OrangeHRM_CrossBrowser_Example">
    <error type="org.openqa.selenium.WebDriverException" message="unknown error: cannot find MSEdge binary
Build info: version: &#039;3.141.59&#039;, revision: &#039;e82be7d358&#039;, time: &#039;2018-11-14T08:17:03&#039;
System info: host: &#039;CGISELENIUM12&#039;, ip: &#039;172.18.19.94&#039;, os.name: &#039;Windows 10&#039;, os.arch: &#039;amd64&#039;, os.version: &#039;10.0&#039;, java.version: &#039;1.8.0_191&#039;
Driver info: driver.version: EdgeDriver
remote stacktrace: Backtrace:
	Ordinal0 [0x00007FF61BE25CB2+4676786]
	Ordinal0 [0x00007FF61BACD677+1169015]
	Ordinal0 [0x00007FF61BAEEF1C+1306396]
	Ordinal0 [0x00007FF61BAEBE29+1293865]
	Ordinal0 [0x00007FF61BB2373B+1521467]
	Ordinal0 [0x00007FF61BB1F2BF+1503935]
	Ordinal0 [0x00007FF61BAF8061+1343585]
	Ordinal0 [0x00007FF61BAF918B+1347979]
	Ordinal0 [0x00007FF61BBA0121+2031905]
	Ordinal0 [0x00007FF61BB6C73E+1820478]
	Ordinal0 [0x00007FF61BD43224+3748388]
	Ordinal0 [0x00007FF61BB6D10E+1822990]
	Ordinal0 [0x00007FF61BE38874+4753524]
	Ordinal0 [0x00007FF61BE38174+4751732]
	Ordinal0 [0x00007FF61BE37FBA+4751290]
	Ordinal0 [0x00007FF61BE0FFD8+4587480]
	BaseThreadInitThunk [0x00007FFB29802D92+34]
	RtlUserThreadStart [0x00007FFB2A599F64+52]
">
      <![CDATA[org.openqa.selenium.WebDriverException: unknown error: cannot find MSEdge binary
Build info: version: '3.141.59', revision: 'e82be7d358', time: '2018-11-14T08:17:03'
System info: host: 'CGISELENIUM12', ip: '172.18.19.94', os.name: 'Windows 10', os.arch: 'amd64', os.version: '10.0', java.version: '1.8.0_191'
Driver info: driver.version: EdgeDriver
remote stacktrace: Backtrace:
Ordinal0 [0x00007FF61BE25CB2+4676786]
Ordinal0 [0x00007FF61BACD677+1169015]
Ordinal0 [0x00007FF61BAEEF1C+1306396]
Ordinal0 [0x00007FF61BAEBE29+1293865]
Ordinal0 [0x00007FF61BB2373B+1521467]
Ordinal0 [0x00007FF61BB1F2BF+1503935]
Ordinal0 [0x00007FF61BAF8061+1343585]
Ordinal0 [0x00007FF61BAF918B+1347979]
Ordinal0 [0x00007FF61BBA0121+2031905]
Ordinal0 [0x00007FF61BB6C73E+1820478]
Ordinal0 [0x00007FF61BD43224+3748388]
Ordinal0 [0x00007FF61BB6D10E+1822990]
Ordinal0 [0x00007FF61BE38874+4753524]
Ordinal0 [0x00007FF61BE38174+4751732]
Ordinal0 [0x00007FF61BE37FBA+4751290]
Ordinal0 [0x00007FF61BE0FFD8+4587480]
BaseThreadInitThunk [0x00007FFB29802D92+34]
RtlUserThreadStart [0x00007FFB2A599F64+52]

at sun.reflect.NativeConstructorAccessorImpl.newInstance0(Native Method)
at sun.reflect.NativeConstructorAccessorImpl.newInstance(Unknown Source)
at sun.reflect.DelegatingConstructorAccessorImpl.newInstance(Unknown Source)
at java.lang.reflect.Constructor.newInstance(Unknown Source)
at org.openqa.selenium.remote.W3CHandshakeResponse.lambda$errorHandler$0(W3CHandshakeResponse.java:62)
at org.openqa.selenium.remote.HandshakeResponse.lambda$getResponseFunction$0(HandshakeResponse.java:30)
at org.openqa.selenium.remote.ProtocolHandshake.lambda$createSession$0(ProtocolHandshake.java:126)
at java.util.stream.ReferencePipeline$3$1.accept(Unknown Source)
at java.util.Spliterators$ArraySpliterator.tryAdvance(Unknown Source)
at java.util.stream.ReferencePipeline.forEachWithCancel(Unknown Source)
at java.util.stream.AbstractPipeline.copyIntoWithCancel(Unknown Source)
at java.util.stream.AbstractPipeline.copyInto(Unknown Source)
at java.util.stream.AbstractPipeline.wrapAndCopyInto(Unknown Source)
at java.util.stream.FindOps$FindOp.evaluateSequential(Unknown Source)
at java.util.stream.AbstractPipeline.evaluate(Unknown Source)
at java.util.stream.ReferencePipeline.findFirst(Unknown Source)
at org.openqa.selenium.remote.ProtocolHandshake.createSession(ProtocolHandshake.java:128)
at org.openqa.selenium.remote.ProtocolHandshake.createSession(ProtocolHandshake.java:74)
at org.openqa.selenium.remote.HttpCommandExecutor.execute(HttpCommandExecutor.java:136)
at org.openqa.selenium.remote.service.DriverCommandExecutor.execute(DriverCommandExecutor.java:83)
at org.openqa.selenium.remote.RemoteWebDriver.execute(RemoteWebDriver.java:552)
at org.openqa.selenium.remote.RemoteWebDriver.startSession(RemoteWebDriver.java:213)
at org.openqa.selenium.remote.RemoteWebDriver.<init>(RemoteWebDriver.java:131)
at org.openqa.selenium.edge.EdgeDriver.<init>(EdgeDriver.java:141)
at org.openqa.selenium.edge.EdgeDriver.<init>(EdgeDriver.java:96)
at com.OrangeHRM.OrangeHRM_CrossBrowser_Example.LaunchBrowser(OrangeHRM_CrossBrowser_Example.java:34)
at sun.reflect.NativeMethodAccessorImpl.invoke0(Native Method)
at sun.reflect.NativeMethodAccessorImpl.invoke(Unknown Source)
at sun.reflect.DelegatingMethodAccessorImpl.invoke(Unknown Source)
at java.lang.reflect.Method.invoke(Unknown Source)
at org.testng.internal.MethodInvocationHelper.invokeMethod(MethodInvocationHelper.java:133)
at org.testng.internal.MethodInvocationHelper.invokeMethodConsideringTimeout(MethodInvocationHelper.java:62)
at org.testng.internal.ConfigInvoker.invokeConfigurationMethod(ConfigInvoker.java:385)
at org.testng.internal.ConfigInvoker.invokeConfigurations(ConfigInvoker.java:321)
at org.testng.TestRunner.invokeTestConfigurations(TestRunner.java:637)
at org.testng.TestRunner.beforeRun(TestRunner.java:627)
at org.testng.TestRunner.run(TestRunner.java:589)
at org.testng.SuiteRunner.runTest(SuiteRunner.java:377)
at org.testng.SuiteRunner.access$000(SuiteRunner.java:28)
at org.testng.SuiteRunner$SuiteWorker.run(SuiteRunner.java:418)
at org.testng.internal.thread.ThreadUtil.lambda$execute$0(ThreadUtil.java:64)
at java.util.concurrent.FutureTask.run(Unknown Source)
at java.util.concurrent.ThreadPoolExecutor.runWorker(Unknown Source)
at java.util.concurrent.ThreadPoolExecutor$Worker.run(Unknown Source)
at java.lang.Thread.run(Unknown Source)
]]>
    </error>
  </testcase> <!-- LaunchBrowser -->
  <system-out/>
  <testcase name="OrangeHRM_Login" time="0.000" classname="com.OrangeHRM.OrangeHRM_CrossBrowser_Example">
    <skipped/>
  </testcase> <!-- OrangeHRM_Login -->
  <system-out/>
</testsuite> <!-- com.OrangeHRM.OrangeHRM_CrossBrowser_Example -->
