<?xml version="1.0" encoding="UTF-8"?>
<!-- Generated by org.testng.reporters.JUnitXMLReporter -->
<testsuite hostname="cgiselenium12" ignored="0" name="EdgeTest" tests="1" failures="0" timestamp="2021-06-10T20:56:41 IST" time="2.306" errors="0">
  <testcase name="@BeforeTest LaunchBrowser" time="2.28" classname="com.OrangeHRM.OrangeHRM_CrossBrowser_Example">
    <failure type="org.openqa.selenium.WebDriverException" message="unknown error: cannot find MSEdge binary
Build info: version: &amp;apos;3.141.59&amp;apos;, revision: &amp;apos;e82be7d358&amp;apos;, time: &amp;apos;2018-11-14T08:17:03&amp;apos;
System info: host: &amp;apos;CGISELENIUM12&amp;apos;, ip: &amp;apos;172.18.19.94&amp;apos;, os.name: &amp;apos;Windows 10&amp;apos;, os.arch: &amp;apos;amd64&amp;apos;, os.version: &amp;apos;10.0&amp;apos;, java.version: &amp;apos;1.8.0_191&amp;apos;
Driver info: driver.version: EdgeDriver
remote stacktrace: Backtrace:
	Ordinal0 [0x00007FF61BE25CB2+4676786]
	Ordinal0 [0x00007FF61BACD677+1169015]
	Ordinal0 [0x00007FF61BAEEF1C+1306396]
	Ordinal0 [0x00007FF61BAEBE29+1293865]
	Ordinal0 [0x00007FF61BB2373B+1521467]
	Ordinal0 [0x00007FF61BB1F2BF+1503935]
	Ordinal0 [0x00007FF61BAF8061+1343585]
	Ordinal0 [0x00007FF61BAF918B+1347979]
	Ordinal0 [0x00007FF61BBA0121+2031905]
	Ordinal0 [0x00007FF61BB6C73E+1820478]
	Ordinal0 [0x00007FF61BD43224+3748388]
	Ordinal0 [0x00007FF61BB6D10E+1822990]
	Ordinal0 [0x00007FF61BE38874+4753524]
	Ordinal0 [0x00007FF61BE38174+4751732]
	Ordinal0 [0x00007FF61BE37FBA+4751290]
	Ordinal0 [0x00007FF61BE0FFD8+4587480]
	BaseThreadInitThunk [0x00007FFB29802D92+34]
	RtlUserThreadStart [0x00007FFB2A599F64+52]
">
      <![CDATA[org.openqa.selenium.WebDriverException: unknown error: cannot find MSEdge binary
Build info: version: '3.141.59', revision: 'e82be7d358', time: '2018-11-14T08:17:03'
System info: host: 'CGISELENIUM12', ip: '172.18.19.94', os.name: 'Windows 10', os.arch: 'amd64', os.version: '10.0', java.version: '1.8.0_191'
Driver info: driver.version: EdgeDriver
remote stacktrace: Backtrace:
Ordinal0 [0x00007FF61BE25CB2+4676786]
Ordinal0 [0x00007FF61BACD677+1169015]
Ordinal0 [0x00007FF61BAEEF1C+1306396]
Ordinal0 [0x00007FF61BAEBE29+1293865]
Ordinal0 [0x00007FF61BB2373B+1521467]
Ordinal0 [0x00007FF61BB1F2BF+1503935]
Ordinal0 [0x00007FF61BAF8061+1343585]
Ordinal0 [0x00007FF61BAF918B+1347979]
Ordinal0 [0x00007FF61BBA0121+2031905]
Ordinal0 [0x00007FF61BB6C73E+1820478]
Ordinal0 [0x00007FF61BD43224+3748388]
Ordinal0 [0x00007FF61BB6D10E+1822990]
Ordinal0 [0x00007FF61BE38874+4753524]
Ordinal0 [0x00007FF61BE38174+4751732]
Ordinal0 [0x00007FF61BE37FBA+4751290]
Ordinal0 [0x00007FF61BE0FFD8+4587480]
BaseThreadInitThunk [0x00007FFB29802D92+34]
RtlUserThreadStart [0x00007FFB2A599F64+52]

at org.openqa.selenium.remote.W3CHandshakeResponse.lambda$errorHandler$0(W3CHandshakeResponse.java:62)
at org.openqa.selenium.remote.HandshakeResponse.lambda$getResponseFunction$0(HandshakeResponse.java:30)
at org.openqa.selenium.remote.ProtocolHandshake.lambda$createSession$0(ProtocolHandshake.java:126)
at java.util.stream.ReferencePipeline$3$1.accept(Unknown Source)
at java.util.Spliterators$ArraySpliterator.tryAdvance(Unknown Source)
at java.util.stream.ReferencePipeline.forEachWithCancel(Unknown Source)
at java.util.stream.AbstractPipeline.copyIntoWithCancel(Unknown Source)
at java.util.stream.AbstractPipeline.copyInto(Unknown Source)
at java.util.stream.AbstractPipeline.wrapAndCopyInto(Unknown Source)
at java.util.stream.FindOps$FindOp.evaluateSequential(Unknown Source)
at java.util.stream.AbstractPipeline.evaluate(Unknown Source)
at java.util.stream.ReferencePipeline.findFirst(Unknown Source)
at org.openqa.selenium.remote.ProtocolHandshake.createSession(ProtocolHandshake.java:128)
at org.openqa.selenium.remote.ProtocolHandshake.createSession(ProtocolHandshake.java:74)
at org.openqa.selenium.remote.HttpCommandExecutor.execute(HttpCommandExecutor.java:136)
at org.openqa.selenium.remote.service.DriverCommandExecutor.execute(DriverCommandExecutor.java:83)
at org.openqa.selenium.remote.RemoteWebDriver.execute(RemoteWebDriver.java:552)
at org.openqa.selenium.remote.RemoteWebDriver.startSession(RemoteWebDriver.java:213)
at org.openqa.selenium.remote.RemoteWebDriver.<init>(RemoteWebDriver.java:131)
at org.openqa.selenium.edge.EdgeDriver.<init>(EdgeDriver.java:141)
at org.openqa.selenium.edge.EdgeDriver.<init>(EdgeDriver.java:96)
at com.OrangeHRM.OrangeHRM_CrossBrowser_Example.LaunchBrowser(OrangeHRM_CrossBrowser_Example.java:34)
at java.util.concurrent.FutureTask.run(Unknown Source)
at java.util.concurrent.ThreadPoolExecutor.runWorker(Unknown Source)
at java.util.concurrent.ThreadPoolExecutor$Worker.run(Unknown Source)
at java.lang.Thread.run(Unknown Source)
... Removed 19 stack frames]]>
    </failure>
  </testcase> <!-- @BeforeTest LaunchBrowser -->
  <testcase name="@AfterTest CloseBrowser" time="-1.62333880184E9" classname="com.OrangeHRM.OrangeHRM_CrossBrowser_Example">
    <skipped/>
  </testcase> <!-- @AfterTest CloseBrowser -->
  <testcase name="OrangeHRM_Login" time="0.0" classname="com.OrangeHRM.OrangeHRM_CrossBrowser_Example">
    <skipped/>
  </testcase> <!-- OrangeHRM_Login -->
</testsuite> <!-- EdgeTest -->
